<?xml version="1.0" encoding="UTF-8"?>
<coverage generated="1629797214851" clover="3.2.0">
  <project timestamp="1629797214851" name="All files">
    <metrics statements="35" coveredstatements="35" conditionals="26" coveredconditionals="25" methods="10" coveredmethods="10" elements="71" coveredelements="70" complexity="0" loc="35" ncloc="35" packages="1" files="1" classes="1"/>
    <file name="app.js" path="D:\code\promoCode\app.js">
      <metrics statements="35" coveredstatements="35" conditionals="26" coveredconditionals="25" methods="10" coveredmethods="10"/>
      <line num="1" count="1" type="stmt"/>
      <line num="2" count="1" type="stmt"/>
      <line num="3" count="1" type="stmt"/>
      <line num="5" count="8" type="stmt"/>
      <line num="6" count="7" type="stmt"/>
      <line num="7" count="6" type="stmt"/>
      <line num="8" count="5" type="stmt"/>
      <line num="9" count="4" type="stmt"/>
      <line num="13" count="8" type="cond" truecount="2" falsecount="0"/>
      <line num="17" count="1" type="stmt"/>
      <line num="21" count="7" type="cond" truecount="4" falsecount="0"/>
      <line num="22" count="1" type="stmt"/>
      <line num="26" count="6" type="cond" truecount="4" falsecount="0"/>
      <line num="27" count="1" type="stmt"/>
      <line num="31" count="5" type="stmt"/>
      <line num="32" count="5" type="cond" truecount="2" falsecount="0"/>
      <line num="34" count="5" type="cond" truecount="2" falsecount="0"/>
      <line num="35" count="1" type="stmt"/>
      <line num="39" count="4" type="stmt"/>
      <line num="40" count="4" type="stmt"/>
      <line num="42" count="4" type="stmt"/>
      <line num="47" count="4" type="cond" truecount="2" falsecount="0"/>
      <line num="48" count="1" type="stmt"/>
      <line num="58" count="4" type="cond" truecount="2" falsecount="0"/>
      <line num="59" count="2" type="stmt"/>
      <line num="61" count="2" type="stmt"/>
      <line num="78" count="2" type="stmt"/>
      <line num="80" count="4" type="cond" truecount="1" falsecount="1"/>
      <line num="83" count="4" type="stmt"/>
      <line num="95" count="4" type="stmt"/>
      <line num="109" count="4" type="stmt"/>
      <line num="116" count="16" type="stmt"/>
      <line num="121" count="1" type="stmt"/>
      <line num="122" count="8" type="stmt"/>
      <line num="123" count="4" type="stmt"/>
    </file>
  </project>
</coverage>
