{"D:\\code\\promoCode\\app.js": {"path":"D:\\code\\promoCode\\app.js","statementMap":{"0":{"start":{"line":1,"column":15},"end":{"line":1,"column":35}},"1":{"start":{"line":2,"column":15},"end":{"line":2,"column":32}},"2":{"start":{"line":3,"column":11},"end":{"line":3,"column":31}},"3":{"start":{"line":5,"column":2},"end":{"line":5,"column":27}},"4":{"start":{"line":6,"column":2},"end":{"line":6,"column":31}},"5":{"start":{"line":7,"column":2},"end":{"line":7,"column":27}},"6":{"start":{"line":8,"column":2},"end":{"line":8,"column":32}},"7":{"start":{"line":9,"column":2},"end":{"line":9,"column":14}},"8":{"start":{"line":13,"column":2},"end":{"line":18,"column":3}},"9":{"start":{"line":17,"column":4},"end":{"line":17,"column":54}},"10":{"start":{"line":21,"column":2},"end":{"line":23,"column":3}},"11":{"start":{"line":22,"column":4},"end":{"line":22,"column":66}},"12":{"start":{"line":26,"column":2},"end":{"line":28,"column":3}},"13":{"start":{"line":27,"column":4},"end":{"line":27,"column":72}},"14":{"start":{"line":31,"column":19},"end":{"line":33,"column":4}},"15":{"start":{"line":32,"column":4},"end":{"line":32,"column":56}},"16":{"start":{"line":34,"column":2},"end":{"line":36,"column":3}},"17":{"start":{"line":35,"column":4},"end":{"line":35,"column":53}},"18":{"start":{"line":39,"column":2},"end":{"line":39,"column":24}},"19":{"start":{"line":40,"column":29},"end":{"line":40,"column":34}},"20":{"start":{"line":42,"column":21},"end":{"line":46,"column":3}},"21":{"start":{"line":47,"column":2},"end":{"line":56,"column":3}},"22":{"start":{"line":48,"column":4},"end":{"line":55,"column":6}},"23":{"start":{"line":58,"column":2},"end":{"line":79,"column":3}},"24":{"start":{"line":59,"column":26},"end":{"line":59,"column":71}},"25":{"start":{"line":61,"column":4},"end":{"line":77,"column":26}},"26":{"start":{"line":78,"column":4},"end":{"line":78,"column":44}},"27":{"start":{"line":80,"column":2},"end":{"line":82,"column":12}},"28":{"start":{"line":83,"column":2},"end":{"line":94,"column":5}},"29":{"start":{"line":95,"column":2},"end":{"line":106,"column":4}},"30":{"start":{"line":109,"column":2},"end":{"line":113,"column":4}},"31":{"start":{"line":116,"column":2},"end":{"line":119,"column":4}},"32":{"start":{"line":121,"column":0},"end":{"line":124,"column":2}},"33":{"start":{"line":122,"column":2},"end":{"line":122,"column":38}},"34":{"start":{"line":123,"column":2},"end":{"line":123,"column":42}}},"fnMap":{"0":{"name":"usePromotionCode","decl":{"start":{"line":4,"column":9},"end":{"line":4,"column":25}},"loc":{"start":{"line":4,"column":45},"end":{"line":10,"column":1}},"line":4},"1":{"name":"checkTimeSpan","decl":{"start":{"line":12,"column":9},"end":{"line":12,"column":22}},"loc":{"start":{"line":12,"column":34},"end":{"line":19,"column":1}},"line":12},"2":{"name":"checkUser","decl":{"start":{"line":20,"column":9},"end":{"line":20,"column":18}},"loc":{"start":{"line":20,"column":38},"end":{"line":24,"column":1}},"line":20},"3":{"name":"checkMaxUsage","decl":{"start":{"line":25,"column":9},"end":{"line":25,"column":22}},"loc":{"start":{"line":25,"column":34},"end":{"line":29,"column":1}},"line":25},"4":{"name":"checkUsage","decl":{"start":{"line":30,"column":9},"end":{"line":30,"column":19}},"loc":{"start":{"line":30,"column":37},"end":{"line":37,"column":1}},"line":30},"5":{"name":"(anonymous_5)","decl":{"start":{"line":31,"column":27},"end":{"line":31,"column":28}},"loc":{"start":{"line":31,"column":34},"end":{"line":33,"column":3}},"line":31},"6":{"name":"applyPromotion","decl":{"start":{"line":38,"column":9},"end":{"line":38,"column":23}},"loc":{"start":{"line":38,"column":42},"end":{"line":107,"column":1}},"line":38},"7":{"name":"ConvertToDineroFormat","decl":{"start":{"line":108,"column":9},"end":{"line":108,"column":30}},"loc":{"start":{"line":108,"column":38},"end":{"line":114,"column":1}},"line":108},"8":{"name":"ConvertToStandardFormat","decl":{"start":{"line":115,"column":9},"end":{"line":115,"column":32}},"loc":{"start":{"line":115,"column":40},"end":{"line":120,"column":1}},"line":115},"9":{"name":"checkCode","decl":{"start":{"line":121,"column":26},"end":{"line":121,"column":35}},"loc":{"start":{"line":121,"column":62},"end":{"line":124,"column":1}},"line":121}},"branchMap":{"0":{"loc":{"start":{"line":13,"column":2},"end":{"line":18,"column":3}},"type":"if","locations":[{"start":{"line":13,"column":2},"end":{"line":18,"column":3}},{"start":{"line":13,"column":2},"end":{"line":18,"column":3}}],"line":13},"1":{"loc":{"start":{"line":14,"column":4},"end":{"line":15,"column":54}},"type":"binary-expr","locations":[{"start":{"line":14,"column":4},"end":{"line":14,"column":49}},{"start":{"line":15,"column":4},"end":{"line":15,"column":54}}],"line":14},"2":{"loc":{"start":{"line":21,"column":2},"end":{"line":23,"column":3}},"type":"if","locations":[{"start":{"line":21,"column":2},"end":{"line":23,"column":3}},{"start":{"line":21,"column":2},"end":{"line":23,"column":3}}],"line":21},"3":{"loc":{"start":{"line":21,"column":6},"end":{"line":21,"column":71}},"type":"binary-expr","locations":[{"start":{"line":21,"column":6},"end":{"line":21,"column":33}},{"start":{"line":21,"column":37},"end":{"line":21,"column":71}}],"line":21},"4":{"loc":{"start":{"line":26,"column":2},"end":{"line":28,"column":3}},"type":"if","locations":[{"start":{"line":26,"column":2},"end":{"line":28,"column":3}},{"start":{"line":26,"column":2},"end":{"line":28,"column":3}}],"line":26},"5":{"loc":{"start":{"line":26,"column":6},"end":{"line":26,"column":72}},"type":"binary-expr","locations":[{"start":{"line":26,"column":6},"end":{"line":26,"column":24}},{"start":{"line":26,"column":28},"end":{"line":26,"column":72}}],"line":26},"6":{"loc":{"start":{"line":32,"column":11},"end":{"line":32,"column":55}},"type":"binary-expr","locations":[{"start":{"line":32,"column":11},"end":{"line":32,"column":26}},{"start":{"line":32,"column":30},"end":{"line":32,"column":55}}],"line":32},"7":{"loc":{"start":{"line":34,"column":2},"end":{"line":36,"column":3}},"type":"if","locations":[{"start":{"line":34,"column":2},"end":{"line":36,"column":3}},{"start":{"line":34,"column":2},"end":{"line":36,"column":3}}],"line":34},"8":{"loc":{"start":{"line":47,"column":2},"end":{"line":56,"column":3}},"type":"if","locations":[{"start":{"line":47,"column":2},"end":{"line":56,"column":3}},{"start":{"line":47,"column":2},"end":{"line":56,"column":3}}],"line":47},"9":{"loc":{"start":{"line":58,"column":2},"end":{"line":79,"column":3}},"type":"if","locations":[{"start":{"line":58,"column":2},"end":{"line":79,"column":3}},{"start":{"line":58,"column":2},"end":{"line":79,"column":3}}],"line":58},"10":{"loc":{"start":{"line":62,"column":6},"end":{"line":77,"column":25}},"type":"cond-expr","locations":[{"start":{"line":71,"column":10},"end":{"line":76,"column":11}},{"start":{"line":77,"column":10},"end":{"line":77,"column":25}}],"line":62},"11":{"loc":{"start":{"line":62,"column":6},"end":{"line":70,"column":7}},"type":"binary-expr","locations":[{"start":{"line":62,"column":6},"end":{"line":62,"column":27}},{"start":{"line":63,"column":6},"end":{"line":70,"column":7}}],"line":62},"12":{"loc":{"start":{"line":80,"column":10},"end":{"line":82,"column":11}},"type":"cond-expr","locations":[{"start":{"line":81,"column":6},"end":{"line":81,"column":26}},{"start":{"line":82,"column":6},"end":{"line":82,"column":11}}],"line":80}},"s":{"0":1,"1":1,"2":1,"3":9,"4":8,"5":7,"6":6,"7":5,"8":9,"9":1,"10":8,"11":1,"12":7,"13":1,"14":6,"15":6,"16":6,"17":1,"18":5,"19":5,"20":5,"21":5,"22":2,"23":5,"24":2,"25":2,"26":2,"27":5,"28":5,"29":5,"30":5,"31":20,"32":1,"33":9,"34":5},"f":{"0":9,"1":9,"2":8,"3":7,"4":6,"5":6,"6":5,"7":5,"8":20,"9":9},"b":{"0":[1,8],"1":[9,9],"2":[1,7],"3":[8,8],"4":[1,6],"5":[7,7],"6":[6,6],"7":[1,5],"8":[2,3],"9":[2,3],"10":[1,1],"11":[2,2],"12":[1,4]},"_coverageSchema":"1a1c01bbd47fc00a2c39e90264f33305004495a9","hash":"75d7de18e7e564f060911f8cb3cc88c7f12fc015"}
}
