TN:
SF:app.js
FN:4,usePromotionCode
FN:12,checkTimeSpan
FN:20,checkUser
FN:25,checkMaxUsage
FN:30,checkUsage
FN:31,(anonymous_5)
FN:38,applyPromotion
FN:108,ConvertToDineroFormat
FN:115,ConvertToStandardFormat
FN:121,checkCode
FNF:10
FNH:10
FNDA:9,usePromotionCode
FNDA:9,checkTimeSpan
FNDA:8,checkUser
FNDA:7,checkMaxUsage
FNDA:6,checkUsage
FNDA:6,(anonymous_5)
FNDA:5,applyPromotion
FNDA:5,ConvertToDineroFormat
FNDA:20,ConvertToStandardFormat
FNDA:9,checkCode
DA:1,1
DA:2,1
DA:3,1
DA:5,9
DA:6,8
DA:7,7
DA:8,6
DA:9,5
DA:13,9
DA:17,1
DA:21,8
DA:22,1
DA:26,7
DA:27,1
DA:31,6
DA:32,6
DA:34,6
DA:35,1
DA:39,5
DA:40,5
DA:42,5
DA:47,5
DA:48,2
DA:58,5
DA:59,2
DA:61,2
DA:78,2
DA:80,5
DA:83,5
DA:95,5
DA:109,5
DA:116,20
DA:121,1
DA:122,9
DA:123,5
LF:35
LH:35
BRDA:13,0,0,1
BRDA:13,0,1,8
BRDA:14,1,0,9
BRDA:14,1,1,9
BRDA:21,2,0,1
BRDA:21,2,1,7
BRDA:21,3,0,8
BRDA:21,3,1,8
BRDA:26,4,0,1
BRDA:26,4,1,6
BRDA:26,5,0,7
BRDA:26,5,1,7
BRDA:32,6,0,6
BRDA:32,6,1,6
BRDA:34,7,0,1
BRDA:34,7,1,5
BRDA:47,8,0,2
BRDA:47,8,1,3
BRDA:58,9,0,2
BRDA:58,9,1,3
BRDA:62,10,0,1
BRDA:62,10,1,1
BRDA:62,11,0,2
BRDA:62,11,1,2
BRDA:80,12,0,1
BRDA:80,12,1,4
BRF:26
BRH:26
end_of_record
