TN:
SF:app.js
FN:4,usePromotionCode
FN:12,checkTimeSpan
FN:20,checkUser
FN:25,checkMaxUsage
FN:30,checkUsage
FN:31,(anonymous_5)
FN:38,applyPromotion
FN:108,ConvertToDineroFormat
FN:115,ConvertToStandardFormat
FN:121,checkCode
FNF:10
FNH:10
FNDA:8,usePromotionCode
FNDA:8,checkTimeSpan
FNDA:7,checkUser
FNDA:6,checkMaxUsage
FNDA:5,checkUsage
FNDA:5,(anonymous_5)
FNDA:4,applyPromotion
FNDA:4,ConvertToDineroFormat
FNDA:16,ConvertToStandardFormat
FNDA:8,checkCode
DA:1,1
DA:2,1
DA:3,1
DA:5,8
DA:6,7
DA:7,6
DA:8,5
DA:9,4
DA:13,8
DA:17,1
DA:21,7
DA:22,1
DA:26,6
DA:27,1
DA:31,5
DA:32,5
DA:34,5
DA:35,1
DA:39,4
DA:40,4
DA:42,4
DA:47,4
DA:48,1
DA:58,4
DA:59,2
DA:61,2
DA:78,2
DA:80,4
DA:83,4
DA:95,4
DA:109,4
DA:116,16
DA:121,1
DA:122,8
DA:123,4
LF:35
LH:35
BRDA:13,0,0,1
BRDA:13,0,1,7
BRDA:14,1,0,8
BRDA:14,1,1,8
BRDA:21,2,0,1
BRDA:21,2,1,6
BRDA:21,3,0,7
BRDA:21,3,1,7
BRDA:26,4,0,1
BRDA:26,4,1,5
BRDA:26,5,0,6
BRDA:26,5,1,6
BRDA:32,6,0,5
BRDA:32,6,1,5
BRDA:34,7,0,1
BRDA:34,7,1,4
BRDA:47,8,0,1
BRDA:47,8,1,3
BRDA:58,9,0,2
BRDA:58,9,1,2
BRDA:62,10,0,1
BRDA:62,10,1,1
BRDA:62,11,0,2
BRDA:62,11,1,2
BRDA:80,12,0,0
BRDA:80,12,1,4
BRF:26
BRH:25
end_of_record
